<?xml version="1.0" encoding="UTF-8"?>
<testsuite xmlns:xsi="http://www.w3.org/2001/XMLSchema-instance" xsi:schemaLocation="https://maven.apache.org/surefire/maven-surefire-plugin/xsd/surefire-test-report.xsd" name="TestSuite" time="0.771" tests="42" errors="0" skipped="41" failures="1">
  <properties>
[...]
</properties>
  <testcase name="setUp" classname="HomePageTests" time="0.632">
    <failure message="Unable to create new remote session. desired capabilities = Capabilities [{marionette=false, browserName=Firefox, version=, platform=LINUX}], required capabilities = Capabilities [{}]&#10;Build info: version: &apos;3.1.0&apos;, revision: &apos;b94c902&apos;, time: &apos;2017-02-16 12:21:31 -0800&apos;&#10;System info: host: &apos;Yevheniis-MBP&apos;, ip: &apos;fe80:0:0:0:149b:efe0:c7e5:50fa%en0&apos;, os.name: &apos;Mac OS X&apos;, os.arch: &apos;x86_64&apos;, os.version: &apos;10.12.3&apos;, java.version: &apos;1.8.0_121&apos;&#10;Driver info: driver.version: Driver" type="org.openqa.selenium.SessionNotCreatedException">org.openqa.selenium.SessionNotCreatedException: 
Unable to create new remote session. desired capabilities = Capabilities [{marionette=false, browserName=Firefox, version=, platform=LINUX}], required capabilities = Capabilities [{}]
Build info: version: '3.1.0', revision: 'b94c902', time: '2017-02-16 12:21:31 -0800'
System info: host: 'Yevheniis-MBP', ip: 'fe80:0:0:0:149b:efe0:c7e5:50fa%en0', os.name: 'Mac OS X', os.arch: 'x86_64', os.version: '10.12.3', java.version: '1.8.0_121'
Driver info: driver.version: Driver
</failure>
  </testcase>
  <testcase name="setUp" classname="HomePageTests" time="0">
    <skipped/>
  </testcase>
  <testcase name="setUp" classname="HomePageTests" time="0">
    <skipped/>
  </testcase>
  <testcase name="setUp" classname="HomePageTests" time="0">
    <skipped/>
  </testcase>
  <testcase name="setUp" classname="HomePageTests" time="0">
    <skipped/>
  </testcase>
  <testcase name="setUp" classname="HomePageTests" time="0">
    <skipped/>
  </testcase>
  <testcase name="setUp" classname="HomePageTests" time="0">
    <skipped/>
  </testcase>
  <testcase name="setUp" classname="HomePageTests" time="0">
    <skipped/>
  </testcase>
  <testcase name="setUp" classname="HomePageTests" time="0">
    <skipped/>
  </testcase>
  <testcase name="setUp" classname="HomePageTests" time="0">
    <skipped/>
  </testcase>
  <testcase name="setUp" classname="HomePageTests" time="0">
    <skipped/>
  </testcase>
  <testcase name="setUp" classname="HomePageTests" time="0">
    <skipped/>
  </testcase>
  <testcase name="setUp" classname="HomePageTests" time="0">
    <skipped/>
  </testcase>
  <testcase name="setUp" classname="HomePageTests" time="0">
    <skipped/>
  </testcase>
  <testcase name="Check_If_Home_Page_Available" classname="HomePageTests" time="0">
    <skipped message="Unable to create new remote session. desired capabilities = Capabilities [{marionette=false, browserName=Firefox, version=, platform=LINUX}], required capabilities = Capabilities [{}]&#10;Build info: version: &apos;3.1.0&apos;, revision: &apos;b94c902&apos;, time: &apos;2017-02-16 12:21:31 -0800&apos;&#10;System info: host: &apos;Yevheniis-MBP&apos;, ip: &apos;fe80:0:0:0:149b:efe0:c7e5:50fa%en0&apos;, os.name: &apos;Mac OS X&apos;, os.arch: &apos;x86_64&apos;, os.version: &apos;10.12.3&apos;, java.version: &apos;1.8.0_121&apos;&#10;Driver info: driver.version: Driver"/>
  </testcase>
  <testcase name="tearDown" classname="HomePageTests" time="0">
    <skipped/>
  </testcase>
  <testcase name="tearDown" classname="HomePageTests" time="0">
    <skipped/>
  </testcase>
  <testcase name="tearDown" classname="HomePageTests" time="0">
    <skipped/>
  </testcase>
  <testcase name="tearDown" classname="HomePageTests" time="0">
    <skipped/>
  </testcase>
  <testcase name="tearDown" classname="HomePageTests" time="0">
    <skipped/>
  </testcase>
  <testcase name="tearDown" classname="HomePageTests" time="0">
    <skipped/>
  </testcase>
  <testcase name="tearDown" classname="HomePageTests" time="0">
    <skipped/>
  </testcase>
  <testcase name="tearDown" classname="HomePageTests" time="0">
    <skipped/>
  </testcase>
  <testcase name="tearDown" classname="HomePageTests" time="0">
    <skipped/>
  </testcase>
  <testcase name="tearDown" classname="HomePageTests" time="0">
    <skipped/>
  </testcase>
  <testcase name="tearDown" classname="HomePageTests" time="0">
    <skipped/>
  </testcase>
  <testcase name="tearDown" classname="HomePageTests" time="0">
    <skipped/>
  </testcase>
  <testcase name="tearDown" classname="HomePageTests" time="0">
    <skipped/>
  </testcase>
  <testcase name="tearDown" classname="HomePageTests" time="0">
    <skipped/>
  </testcase>
  <testcase name="Check_If_Interaction_Draggable_Form_Available" classname="HomePageTests" time="0">
    <skipped message="Unable to create new remote session. desired capabilities = Capabilities [{marionette=false, browserName=Firefox, version=, platform=LINUX}], required capabilities = Capabilities [{}]&#10;Build info: version: &apos;3.1.0&apos;, revision: &apos;b94c902&apos;, time: &apos;2017-02-16 12:21:31 -0800&apos;&#10;System info: host: &apos;Yevheniis-MBP&apos;, ip: &apos;fe80:0:0:0:149b:efe0:c7e5:50fa%en0&apos;, os.name: &apos;Mac OS X&apos;, os.arch: &apos;x86_64&apos;, os.version: &apos;10.12.3&apos;, java.version: &apos;1.8.0_121&apos;&#10;Driver info: driver.version: Driver"/>
  </testcase>
  <testcase name="Check_If_Interaction_Droppable_Form_Available" classname="HomePageTests" time="0">
    <skipped message="Unable to create new remote session. desired capabilities = Capabilities [{marionette=false, browserName=Firefox, version=, platform=LINUX}], required capabilities = Capabilities [{}]&#10;Build info: version: &apos;3.1.0&apos;, revision: &apos;b94c902&apos;, time: &apos;2017-02-16 12:21:31 -0800&apos;&#10;System info: host: &apos;Yevheniis-MBP&apos;, ip: &apos;fe80:0:0:0:149b:efe0:c7e5:50fa%en0&apos;, os.name: &apos;Mac OS X&apos;, os.arch: &apos;x86_64&apos;, os.version: &apos;10.12.3&apos;, java.version: &apos;1.8.0_121&apos;&#10;Driver info: driver.version: Driver"/>
  </testcase>
  <testcase name="Check_If_Interaction_Resizable_Form_Available" classname="HomePageTests" time="0">
    <skipped message="Unable to create new remote session. desired capabilities = Capabilities [{marionette=false, browserName=Firefox, version=, platform=LINUX}], required capabilities = Capabilities [{}]&#10;Build info: version: &apos;3.1.0&apos;, revision: &apos;b94c902&apos;, time: &apos;2017-02-16 12:21:31 -0800&apos;&#10;System info: host: &apos;Yevheniis-MBP&apos;, ip: &apos;fe80:0:0:0:149b:efe0:c7e5:50fa%en0&apos;, os.name: &apos;Mac OS X&apos;, os.arch: &apos;x86_64&apos;, os.version: &apos;10.12.3&apos;, java.version: &apos;1.8.0_121&apos;&#10;Driver info: driver.version: Driver"/>
  </testcase>
  <testcase name="Check_If_Interaction_Selectable_Form_Available" classname="HomePageTests" time="0">
    <skipped message="Unable to create new remote session. desired capabilities = Capabilities [{marionette=false, browserName=Firefox, version=, platform=LINUX}], required capabilities = Capabilities [{}]&#10;Build info: version: &apos;3.1.0&apos;, revision: &apos;b94c902&apos;, time: &apos;2017-02-16 12:21:31 -0800&apos;&#10;System info: host: &apos;Yevheniis-MBP&apos;, ip: &apos;fe80:0:0:0:149b:efe0:c7e5:50fa%en0&apos;, os.name: &apos;Mac OS X&apos;, os.arch: &apos;x86_64&apos;, os.version: &apos;10.12.3&apos;, java.version: &apos;1.8.0_121&apos;&#10;Driver info: driver.version: Driver"/>
  </testcase>
  <testcase name="Check_If_Interaction_Sortable_Form_Available" classname="HomePageTests" time="0">
    <skipped message="Unable to create new remote session. desired capabilities = Capabilities [{marionette=false, browserName=Firefox, version=, platform=LINUX}], required capabilities = Capabilities [{}]&#10;Build info: version: &apos;3.1.0&apos;, revision: &apos;b94c902&apos;, time: &apos;2017-02-16 12:21:31 -0800&apos;&#10;System info: host: &apos;Yevheniis-MBP&apos;, ip: &apos;fe80:0:0:0:149b:efe0:c7e5:50fa%en0&apos;, os.name: &apos;Mac OS X&apos;, os.arch: &apos;x86_64&apos;, os.version: &apos;10.12.3&apos;, java.version: &apos;1.8.0_121&apos;&#10;Driver info: driver.version: Driver"/>
  </testcase>
  <testcase name="Check_If_Registration_Form_Available" classname="HomePageTests" time="0">
    <skipped message="Unable to create new remote session. desired capabilities = Capabilities [{marionette=false, browserName=Firefox, version=, platform=LINUX}], required capabilities = Capabilities [{}]&#10;Build info: version: &apos;3.1.0&apos;, revision: &apos;b94c902&apos;, time: &apos;2017-02-16 12:21:31 -0800&apos;&#10;System info: host: &apos;Yevheniis-MBP&apos;, ip: &apos;fe80:0:0:0:149b:efe0:c7e5:50fa%en0&apos;, os.name: &apos;Mac OS X&apos;, os.arch: &apos;x86_64&apos;, os.version: &apos;10.12.3&apos;, java.version: &apos;1.8.0_121&apos;&#10;Driver info: driver.version: Driver"/>
  </testcase>
  <testcase name="Check_If_Widget_Accordion_Form_Available" classname="HomePageTests" time="0">
    <skipped message="Unable to create new remote session. desired capabilities = Capabilities [{marionette=false, browserName=Firefox, version=, platform=LINUX}], required capabilities = Capabilities [{}]&#10;Build info: version: &apos;3.1.0&apos;, revision: &apos;b94c902&apos;, time: &apos;2017-02-16 12:21:31 -0800&apos;&#10;System info: host: &apos;Yevheniis-MBP&apos;, ip: &apos;fe80:0:0:0:149b:efe0:c7e5:50fa%en0&apos;, os.name: &apos;Mac OS X&apos;, os.arch: &apos;x86_64&apos;, os.version: &apos;10.12.3&apos;, java.version: &apos;1.8.0_121&apos;&#10;Driver info: driver.version: Driver"/>
  </testcase>
  <testcase name="Check_If_Widget_Autocomplete_Form_Available" classname="HomePageTests" time="0">
    <skipped message="Unable to create new remote session. desired capabilities = Capabilities [{marionette=false, browserName=Firefox, version=, platform=LINUX}], required capabilities = Capabilities [{}]&#10;Build info: version: &apos;3.1.0&apos;, revision: &apos;b94c902&apos;, time: &apos;2017-02-16 12:21:31 -0800&apos;&#10;System info: host: &apos;Yevheniis-MBP&apos;, ip: &apos;fe80:0:0:0:149b:efe0:c7e5:50fa%en0&apos;, os.name: &apos;Mac OS X&apos;, os.arch: &apos;x86_64&apos;, os.version: &apos;10.12.3&apos;, java.version: &apos;1.8.0_121&apos;&#10;Driver info: driver.version: Driver"/>
  </testcase>
  <testcase name="Check_If_Widget_Datepicker_Form_Available" classname="HomePageTests" time="0">
    <skipped message="Unable to create new remote session. desired capabilities = Capabilities [{marionette=false, browserName=Firefox, version=, platform=LINUX}], required capabilities = Capabilities [{}]&#10;Build info: version: &apos;3.1.0&apos;, revision: &apos;b94c902&apos;, time: &apos;2017-02-16 12:21:31 -0800&apos;&#10;System info: host: &apos;Yevheniis-MBP&apos;, ip: &apos;fe80:0:0:0:149b:efe0:c7e5:50fa%en0&apos;, os.name: &apos;Mac OS X&apos;, os.arch: &apos;x86_64&apos;, os.version: &apos;10.12.3&apos;, java.version: &apos;1.8.0_121&apos;&#10;Driver info: driver.version: Driver"/>
  </testcase>
  <testcase name="Check_If_Widget_Menu_Form_Available" classname="HomePageTests" time="0">
    <skipped message="Unable to create new remote session. desired capabilities = Capabilities [{marionette=false, browserName=Firefox, version=, platform=LINUX}], required capabilities = Capabilities [{}]&#10;Build info: version: &apos;3.1.0&apos;, revision: &apos;b94c902&apos;, time: &apos;2017-02-16 12:21:31 -0800&apos;&#10;System info: host: &apos;Yevheniis-MBP&apos;, ip: &apos;fe80:0:0:0:149b:efe0:c7e5:50fa%en0&apos;, os.name: &apos;Mac OS X&apos;, os.arch: &apos;x86_64&apos;, os.version: &apos;10.12.3&apos;, java.version: &apos;1.8.0_121&apos;&#10;Driver info: driver.version: Driver"/>
  </testcase>
  <testcase name="Check_If_Widget_Slider_Form_Available" classname="HomePageTests" time="0">
    <skipped message="Unable to create new remote session. desired capabilities = Capabilities [{marionette=false, browserName=Firefox, version=, platform=LINUX}], required capabilities = Capabilities [{}]&#10;Build info: version: &apos;3.1.0&apos;, revision: &apos;b94c902&apos;, time: &apos;2017-02-16 12:21:31 -0800&apos;&#10;System info: host: &apos;Yevheniis-MBP&apos;, ip: &apos;fe80:0:0:0:149b:efe0:c7e5:50fa%en0&apos;, os.name: &apos;Mac OS X&apos;, os.arch: &apos;x86_64&apos;, os.version: &apos;10.12.3&apos;, java.version: &apos;1.8.0_121&apos;&#10;Driver info: driver.version: Driver"/>
  </testcase>
  <testcase name="Check_If_Widget_Tabs_Form_Available" classname="HomePageTests" time="0">
    <skipped message="Unable to create new remote session. desired capabilities = Capabilities [{marionette=false, browserName=Firefox, version=, platform=LINUX}], required capabilities = Capabilities [{}]&#10;Build info: version: &apos;3.1.0&apos;, revision: &apos;b94c902&apos;, time: &apos;2017-02-16 12:21:31 -0800&apos;&#10;System info: host: &apos;Yevheniis-MBP&apos;, ip: &apos;fe80:0:0:0:149b:efe0:c7e5:50fa%en0&apos;, os.name: &apos;Mac OS X&apos;, os.arch: &apos;x86_64&apos;, os.version: &apos;10.12.3&apos;, java.version: &apos;1.8.0_121&apos;&#10;Driver info: driver.version: Driver"/>
  </testcase>
  <testcase name="Check_If_Widget_Tooltip_Form_Available" classname="HomePageTests" time="0">
    <skipped message="Unable to create new remote session. desired capabilities = Capabilities [{marionette=false, browserName=Firefox, version=, platform=LINUX}], required capabilities = Capabilities [{}]&#10;Build info: version: &apos;3.1.0&apos;, revision: &apos;b94c902&apos;, time: &apos;2017-02-16 12:21:31 -0800&apos;&#10;System info: host: &apos;Yevheniis-MBP&apos;, ip: &apos;fe80:0:0:0:149b:efe0:c7e5:50fa%en0&apos;, os.name: &apos;Mac OS X&apos;, os.arch: &apos;x86_64&apos;, os.version: &apos;10.12.3&apos;, java.version: &apos;1.8.0_121&apos;&#10;Driver info: driver.version: Driver"/>
  </testcase>
</testsuite>