<?xml version="1.0" encoding="UTF-8"?>
<!-- Generated by org.testng.reporters.JUnitXMLReporter -->
<testsuite hostname="Yevheniis-MBP" ignored="0" tests="14" failures="0" timestamp="27 Feb 2017 19:34:30 GMT" time="0.033" errors="0">
  <testcase name="@BeforeMethod setUp" time="0.0" classname="BaseTestClass">
    <failure type="java.lang.NullPointerException">
      <![CDATA[java.lang.NullPointerException
	at utils.Driver.getInstance(Driver.java:35)
	at BaseTestClass.setUp(BaseTestClass.java:12)
	at java.util.concurrent.FutureTask.run(FutureTask.java:266)
	at java.util.concurrent.ThreadPoolExecutor.runWorker(ThreadPoolExecutor.java:1142)
	at java.util.concurrent.ThreadPoolExecutor$Worker.run(ThreadPoolExecutor.java:617)
	at java.lang.Thread.run(Thread.java:745)
... Removed 18 stack frames]]>
    </failure>
  </testcase> <!-- @BeforeMethod setUp -->
  <testcase name="@AfterMethod tearDown" time="0.0" classname="BaseTestClass">
    <skipped/>
  </testcase> <!-- @AfterMethod tearDown -->
  <testcase name="@BeforeMethod setUp" time="0.0" classname="BaseTestClass">
    <skipped/>
  </testcase> <!-- @BeforeMethod setUp -->
  <testcase name="@AfterMethod tearDown" time="0.0" classname="BaseTestClass">
    <skipped/>
  </testcase> <!-- @AfterMethod tearDown -->
  <testcase name="@BeforeMethod setUp" time="0.0" classname="BaseTestClass">
    <skipped/>
  </testcase> <!-- @BeforeMethod setUp -->
  <testcase name="@AfterMethod tearDown" time="0.0" classname="BaseTestClass">
    <skipped/>
  </testcase> <!-- @AfterMethod tearDown -->
  <testcase name="@BeforeMethod setUp" time="0.0" classname="BaseTestClass">
    <skipped/>
  </testcase> <!-- @BeforeMethod setUp -->
  <testcase name="@AfterMethod tearDown" time="0.0" classname="BaseTestClass">
    <skipped/>
  </testcase> <!-- @AfterMethod tearDown -->
  <testcase name="@BeforeMethod setUp" time="0.0" classname="BaseTestClass">
    <skipped/>
  </testcase> <!-- @BeforeMethod setUp -->
  <testcase name="@AfterMethod tearDown" time="0.0" classname="BaseTestClass">
    <skipped/>
  </testcase> <!-- @AfterMethod tearDown -->
  <testcase name="@BeforeMethod setUp" time="0.0" classname="BaseTestClass">
    <skipped/>
  </testcase> <!-- @BeforeMethod setUp -->
  <testcase name="@AfterMethod tearDown" time="0.0" classname="BaseTestClass">
    <skipped/>
  </testcase> <!-- @AfterMethod tearDown -->
  <testcase name="@BeforeMethod setUp" time="0.0" classname="BaseTestClass">
    <skipped/>
  </testcase> <!-- @BeforeMethod setUp -->
  <testcase name="@AfterMethod tearDown" time="0.0" classname="BaseTestClass">
    <skipped/>
  </testcase> <!-- @AfterMethod tearDown -->
  <testcase name="@BeforeMethod setUp" time="0.0" classname="BaseTestClass">
    <skipped/>
  </testcase> <!-- @BeforeMethod setUp -->
  <testcase name="@AfterMethod tearDown" time="0.0" classname="BaseTestClass">
    <skipped/>
  </testcase> <!-- @AfterMethod tearDown -->
  <testcase name="@BeforeMethod setUp" time="0.0" classname="BaseTestClass">
    <skipped/>
  </testcase> <!-- @BeforeMethod setUp -->
  <testcase name="@AfterMethod tearDown" time="0.0" classname="BaseTestClass">
    <skipped/>
  </testcase> <!-- @AfterMethod tearDown -->
  <testcase name="@BeforeMethod setUp" time="0.0" classname="BaseTestClass">
    <skipped/>
  </testcase> <!-- @BeforeMethod setUp -->
  <testcase name="@AfterMethod tearDown" time="0.0" classname="BaseTestClass">
    <skipped/>
  </testcase> <!-- @AfterMethod tearDown -->
  <testcase name="@BeforeMethod setUp" time="0.0" classname="BaseTestClass">
    <skipped/>
  </testcase> <!-- @BeforeMethod setUp -->
  <testcase name="@AfterMethod tearDown" time="0.0" classname="BaseTestClass">
    <skipped/>
  </testcase> <!-- @AfterMethod tearDown -->
  <testcase name="@BeforeMethod setUp" time="0.0" classname="BaseTestClass">
    <skipped/>
  </testcase> <!-- @BeforeMethod setUp -->
  <testcase name="@AfterMethod tearDown" time="0.0" classname="BaseTestClass">
    <skipped/>
  </testcase> <!-- @AfterMethod tearDown -->
  <testcase name="@BeforeMethod setUp" time="0.0" classname="BaseTestClass">
    <skipped/>
  </testcase> <!-- @BeforeMethod setUp -->
  <testcase name="@AfterMethod tearDown" time="0.0" classname="BaseTestClass">
    <skipped/>
  </testcase> <!-- @AfterMethod tearDown -->
  <testcase name="@BeforeMethod setUp" time="0.0" classname="BaseTestClass">
    <skipped/>
  </testcase> <!-- @BeforeMethod setUp -->
  <testcase name="@AfterMethod tearDown" time="0.0" classname="BaseTestClass">
    <skipped/>
  </testcase> <!-- @AfterMethod tearDown -->
  <testcase name="Check_If_Home_Page_Available" time="0.0" classname="HomePageTests">
    <skipped/>
  </testcase> <!-- Check_If_Home_Page_Available -->
  <testcase name="Check_If_Interaction_Draggable_Form_Available" time="0.001" classname="HomePageTests">
    <skipped/>
  </testcase> <!-- Check_If_Interaction_Draggable_Form_Available -->
  <testcase name="Check_If_Interaction_Droppable_Form_Available" time="0.0" classname="HomePageTests">
    <skipped/>
  </testcase> <!-- Check_If_Interaction_Droppable_Form_Available -->
  <testcase name="Check_If_Interaction_Resizable_Form_Available" time="0.0" classname="HomePageTests">
    <skipped/>
  </testcase> <!-- Check_If_Interaction_Resizable_Form_Available -->
  <testcase name="Check_If_Interaction_Selectable_Form_Available" time="0.0" classname="HomePageTests">
    <skipped/>
  </testcase> <!-- Check_If_Interaction_Selectable_Form_Available -->
  <testcase name="Check_If_Interaction_Sortable_Form_Available" time="0.0" classname="HomePageTests">
    <skipped/>
  </testcase> <!-- Check_If_Interaction_Sortable_Form_Available -->
  <testcase name="Check_If_Registration_Form_Available" time="0.0" classname="HomePageTests">
    <skipped/>
  </testcase> <!-- Check_If_Registration_Form_Available -->
  <testcase name="Check_If_Widget_Accordion_Form_Available" time="0.0" classname="HomePageTests">
    <skipped/>
  </testcase> <!-- Check_If_Widget_Accordion_Form_Available -->
  <testcase name="Check_If_Widget_Autocomplete_Form_Available" time="0.0" classname="HomePageTests">
    <skipped/>
  </testcase> <!-- Check_If_Widget_Autocomplete_Form_Available -->
  <testcase name="Check_If_Widget_Datepicker_Form_Available" time="0.0" classname="HomePageTests">
    <skipped/>
  </testcase> <!-- Check_If_Widget_Datepicker_Form_Available -->
  <testcase name="Check_If_Widget_Menu_Form_Available" time="0.0" classname="HomePageTests">
    <skipped/>
  </testcase> <!-- Check_If_Widget_Menu_Form_Available -->
  <testcase name="Check_If_Widget_Slider_Form_Available" time="0.0" classname="HomePageTests">
    <skipped/>
  </testcase> <!-- Check_If_Widget_Slider_Form_Available -->
  <testcase name="Check_If_Widget_Tabs_Form_Available" time="0.0" classname="HomePageTests">
    <skipped/>
  </testcase> <!-- Check_If_Widget_Tabs_Form_Available -->
  <testcase name="Check_If_Widget_Tooltip_Form_Available" time="0.0" classname="HomePageTests">
    <skipped/>
  </testcase> <!-- Check_If_Widget_Tooltip_Form_Available -->
</testsuite>
