<?xml version="1.0" encoding="UTF-8"?>
<!-- Generated by org.testng.reporters.JUnitXMLReporter -->
<testsuite hostname="Yevheniis-MBP" ignored="0" tests="14" failures="0" timestamp="28 Feb 2017 10:22:26 GMT" time="0.489" errors="0">
  <testcase name="@BeforeMethod setUp" time="0.0" classname="BaseTestClass">
    <failure type="org.openqa.selenium.SessionNotCreatedException" message="Unable to create new remote session. desired capabilities = Capabilities [{marionette=false, browserName=Firefox, version=, platform=LINUX}], required capabilities = Capabilities [{}]
Build info: version: &amp;apos;3.1.0&amp;apos;, revision: &amp;apos;b94c902&amp;apos;, time: &amp;apos;2017-02-16 12:21:31 -0800&amp;apos;
System info: host: &amp;apos;Yevheniis-MBP&amp;apos;, ip: &amp;apos;fe80:0:0:0:149b:efe0:c7e5:50fa%en0&amp;apos;, os.name: &amp;apos;Mac OS X&amp;apos;, os.arch: &amp;apos;x86_64&amp;apos;, os.version: &amp;apos;10.12.3&amp;apos;, java.version: &amp;apos;1.8.0_121&amp;apos;
Driver info: driver.version: Driver">
      <![CDATA[org.openqa.selenium.SessionNotCreatedException: Unable to create new remote session. desired capabilities = Capabilities [{marionette=false, browserName=Firefox, version=, platform=LINUX}], required capabilities = Capabilities [{}]
Build info: version: '3.1.0', revision: 'b94c902', time: '2017-02-16 12:21:31 -0800'
System info: host: 'Yevheniis-MBP', ip: 'fe80:0:0:0:149b:efe0:c7e5:50fa%en0', os.name: 'Mac OS X', os.arch: 'x86_64', os.version: '10.12.3', java.version: '1.8.0_121'
Driver info: driver.version: Driver
	at org.openqa.selenium.remote.ProtocolHandshake.createSession(ProtocolHandshake.java:91)
	at org.openqa.selenium.remote.HttpCommandExecutor.execute(HttpCommandExecutor.java:141)
	at org.openqa.selenium.remote.RemoteWebDriver.execute(RemoteWebDriver.java:601)
	at org.openqa.selenium.remote.RemoteWebDriver.startSession(RemoteWebDriver.java:241)
	at org.openqa.selenium.remote.RemoteWebDriver.<init>(RemoteWebDriver.java:128)
	at org.openqa.selenium.remote.RemoteWebDriver.<init>(RemoteWebDriver.java:155)
	at utils.Driver.getHub(Driver.java:53)
	at utils.Driver.getInstance(Driver.java:29)
	at BaseTestClass.setUp(BaseTestClass.java:12)
	at java.util.concurrent.FutureTask.run(FutureTask.java:266)
	at java.util.concurrent.ThreadPoolExecutor.runWorker(ThreadPoolExecutor.java:1142)
	at java.util.concurrent.ThreadPoolExecutor$Worker.run(ThreadPoolExecutor.java:617)
	at java.lang.Thread.run(Thread.java:745)
... Removed 18 stack frames]]>
    </failure>
  </testcase> <!-- @BeforeMethod setUp -->
  <testcase name="@AfterMethod tearDown" time="0.0" classname="BaseTestClass">
    <skipped/>
  </testcase> <!-- @AfterMethod tearDown -->
  <testcase name="@BeforeMethod setUp" time="0.0" classname="BaseTestClass">
    <skipped/>
  </testcase> <!-- @BeforeMethod setUp -->
  <testcase name="@AfterMethod tearDown" time="0.0" classname="BaseTestClass">
    <skipped/>
  </testcase> <!-- @AfterMethod tearDown -->
  <testcase name="@BeforeMethod setUp" time="0.0" classname="BaseTestClass">
    <skipped/>
  </testcase> <!-- @BeforeMethod setUp -->
  <testcase name="@AfterMethod tearDown" time="0.0" classname="BaseTestClass">
    <skipped/>
  </testcase> <!-- @AfterMethod tearDown -->
  <testcase name="@BeforeMethod setUp" time="0.0" classname="BaseTestClass">
    <skipped/>
  </testcase> <!-- @BeforeMethod setUp -->
  <testcase name="@AfterMethod tearDown" time="0.0" classname="BaseTestClass">
    <skipped/>
  </testcase> <!-- @AfterMethod tearDown -->
  <testcase name="@BeforeMethod setUp" time="0.0" classname="BaseTestClass">
    <skipped/>
  </testcase> <!-- @BeforeMethod setUp -->
  <testcase name="@AfterMethod tearDown" time="0.0" classname="BaseTestClass">
    <skipped/>
  </testcase> <!-- @AfterMethod tearDown -->
  <testcase name="@BeforeMethod setUp" time="0.0" classname="BaseTestClass">
    <skipped/>
  </testcase> <!-- @BeforeMethod setUp -->
  <testcase name="@AfterMethod tearDown" time="0.0" classname="BaseTestClass">
    <skipped/>
  </testcase> <!-- @AfterMethod tearDown -->
  <testcase name="@BeforeMethod setUp" time="0.0" classname="BaseTestClass">
    <skipped/>
  </testcase> <!-- @BeforeMethod setUp -->
  <testcase name="@AfterMethod tearDown" time="0.0" classname="BaseTestClass">
    <skipped/>
  </testcase> <!-- @AfterMethod tearDown -->
  <testcase name="@BeforeMethod setUp" time="0.0" classname="BaseTestClass">
    <skipped/>
  </testcase> <!-- @BeforeMethod setUp -->
  <testcase name="@AfterMethod tearDown" time="0.0" classname="BaseTestClass">
    <skipped/>
  </testcase> <!-- @AfterMethod tearDown -->
  <testcase name="@BeforeMethod setUp" time="0.0" classname="BaseTestClass">
    <skipped/>
  </testcase> <!-- @BeforeMethod setUp -->
  <testcase name="@AfterMethod tearDown" time="0.0" classname="BaseTestClass">
    <skipped/>
  </testcase> <!-- @AfterMethod tearDown -->
  <testcase name="@BeforeMethod setUp" time="0.0" classname="BaseTestClass">
    <skipped/>
  </testcase> <!-- @BeforeMethod setUp -->
  <testcase name="@AfterMethod tearDown" time="0.0" classname="BaseTestClass">
    <skipped/>
  </testcase> <!-- @AfterMethod tearDown -->
  <testcase name="@BeforeMethod setUp" time="0.0" classname="BaseTestClass">
    <skipped/>
  </testcase> <!-- @BeforeMethod setUp -->
  <testcase name="@AfterMethod tearDown" time="0.0" classname="BaseTestClass">
    <skipped/>
  </testcase> <!-- @AfterMethod tearDown -->
  <testcase name="@BeforeMethod setUp" time="0.0" classname="BaseTestClass">
    <skipped/>
  </testcase> <!-- @BeforeMethod setUp -->
  <testcase name="@AfterMethod tearDown" time="0.0" classname="BaseTestClass">
    <skipped/>
  </testcase> <!-- @AfterMethod tearDown -->
  <testcase name="@BeforeMethod setUp" time="0.0" classname="BaseTestClass">
    <skipped/>
  </testcase> <!-- @BeforeMethod setUp -->
  <testcase name="@AfterMethod tearDown" time="0.0" classname="BaseTestClass">
    <skipped/>
  </testcase> <!-- @AfterMethod tearDown -->
  <testcase name="@BeforeMethod setUp" time="0.0" classname="BaseTestClass">
    <skipped/>
  </testcase> <!-- @BeforeMethod setUp -->
  <testcase name="@AfterMethod tearDown" time="0.0" classname="BaseTestClass">
    <skipped/>
  </testcase> <!-- @AfterMethod tearDown -->
  <testcase name="Check_If_Home_Page_Available" time="0.0" classname="HomePageTests">
    <skipped/>
  </testcase> <!-- Check_If_Home_Page_Available -->
  <testcase name="Check_If_Interaction_Draggable_Form_Available" time="0.0" classname="HomePageTests">
    <skipped/>
  </testcase> <!-- Check_If_Interaction_Draggable_Form_Available -->
  <testcase name="Check_If_Interaction_Droppable_Form_Available" time="0.0" classname="HomePageTests">
    <skipped/>
  </testcase> <!-- Check_If_Interaction_Droppable_Form_Available -->
  <testcase name="Check_If_Interaction_Resizable_Form_Available" time="0.0" classname="HomePageTests">
    <skipped/>
  </testcase> <!-- Check_If_Interaction_Resizable_Form_Available -->
  <testcase name="Check_If_Interaction_Selectable_Form_Available" time="0.0" classname="HomePageTests">
    <skipped/>
  </testcase> <!-- Check_If_Interaction_Selectable_Form_Available -->
  <testcase name="Check_If_Interaction_Sortable_Form_Available" time="0.0" classname="HomePageTests">
    <skipped/>
  </testcase> <!-- Check_If_Interaction_Sortable_Form_Available -->
  <testcase name="Check_If_Registration_Form_Available" time="0.0" classname="HomePageTests">
    <skipped/>
  </testcase> <!-- Check_If_Registration_Form_Available -->
  <testcase name="Check_If_Widget_Accordion_Form_Available" time="0.0" classname="HomePageTests">
    <skipped/>
  </testcase> <!-- Check_If_Widget_Accordion_Form_Available -->
  <testcase name="Check_If_Widget_Autocomplete_Form_Available" time="0.0" classname="HomePageTests">
    <skipped/>
  </testcase> <!-- Check_If_Widget_Autocomplete_Form_Available -->
  <testcase name="Check_If_Widget_Datepicker_Form_Available" time="0.0" classname="HomePageTests">
    <skipped/>
  </testcase> <!-- Check_If_Widget_Datepicker_Form_Available -->
  <testcase name="Check_If_Widget_Menu_Form_Available" time="0.0" classname="HomePageTests">
    <skipped/>
  </testcase> <!-- Check_If_Widget_Menu_Form_Available -->
  <testcase name="Check_If_Widget_Slider_Form_Available" time="0.0" classname="HomePageTests">
    <skipped/>
  </testcase> <!-- Check_If_Widget_Slider_Form_Available -->
  <testcase name="Check_If_Widget_Tabs_Form_Available" time="0.0" classname="HomePageTests">
    <skipped/>
  </testcase> <!-- Check_If_Widget_Tabs_Form_Available -->
  <testcase name="Check_If_Widget_Tooltip_Form_Available" time="0.0" classname="HomePageTests">
    <skipped/>
  </testcase> <!-- Check_If_Widget_Tooltip_Form_Available -->
</testsuite>
